c:\users\ben\documents\u of c 2016-2017\eie\ant-sdk_pc.3.5\demo_hr_transmitter\debug\vc140.pdb
c:\users\ben\documents\u of c 2016-2017\eie\ant-sdk_pc.3.5\demo_hr_transmitter\debug\vc140.idb
c:\users\ben\documents\u of c 2016-2017\eie\ant-sdk_pc.3.5\demo_hr_transmitter\debug\demo_hr_transmitter.obj
c:\users\ben\documents\github\ben_ant_library\ant-sdk_pc.3.5\demo_hr_transmitter\debug\vc140.pdb
c:\users\ben\documents\github\ben_ant_library\ant-sdk_pc.3.5\demo_hr_transmitter\debug\vc140.idb
c:\users\ben\documents\github\ben_ant_library\ant-sdk_pc.3.5\demo_hr_transmitter\debug\demo_hr_transmitter.obj
c:\users\ben\documents\u of c 2016-2017\eie\ant-sdk_pc.3.5\debug\demo_hr_transmitter.ilk
c:\users\ben\documents\u of c 2016-2017\eie\ant-sdk_pc.3.5\debug\demo_hr_transmitter.exe
c:\users\ben\documents\u of c 2016-2017\eie\ant-sdk_pc.3.5\debug\demo_hr_transmitter.pdb
c:\users\ben\documents\github\ben_ant_library\ant-sdk_pc.3.5\debug\demo_hr_transmitter.ilk
c:\users\ben\documents\github\ben_ant_library\ant-sdk_pc.3.5\debug\demo_hr_transmitter.exe
c:\users\ben\documents\github\ben_ant_library\ant-sdk_pc.3.5\debug\demo_hr_transmitter.pdb
c:\users\ben\documents\u of c 2016-2017\eie\ant-sdk_pc.3.5\demo_hr_transmitter\debug\demo_hr_transmitter.res
c:\users\ben\documents\github\ben_ant_library\ant-sdk_pc.3.5\demo_hr_transmitter\debug\demo_hr_transmitter.res
c:\users\ben\documents\github\ben_ant_library\ant-sdk_pc.3.5\demo_hr_transmitter\debug\demo_hr_.6c281d9f.tlog\cl.command.1.tlog
c:\users\ben\documents\github\ben_ant_library\ant-sdk_pc.3.5\demo_hr_transmitter\debug\demo_hr_.6c281d9f.tlog\cl.read.1.tlog
c:\users\ben\documents\github\ben_ant_library\ant-sdk_pc.3.5\demo_hr_transmitter\debug\demo_hr_.6c281d9f.tlog\cl.write.1.tlog
c:\users\ben\documents\github\ben_ant_library\ant-sdk_pc.3.5\demo_hr_transmitter\debug\demo_hr_.6c281d9f.tlog\link.command.1.tlog
c:\users\ben\documents\github\ben_ant_library\ant-sdk_pc.3.5\demo_hr_transmitter\debug\demo_hr_.6c281d9f.tlog\link.read.1.tlog
c:\users\ben\documents\github\ben_ant_library\ant-sdk_pc.3.5\demo_hr_transmitter\debug\demo_hr_.6c281d9f.tlog\link.write.1.tlog
c:\users\ben\documents\github\ben_ant_library\ant-sdk_pc.3.5\demo_hr_transmitter\debug\demo_hr_.6c281d9f.tlog\rc.command.1.tlog
c:\users\ben\documents\github\ben_ant_library\ant-sdk_pc.3.5\demo_hr_transmitter\debug\demo_hr_.6c281d9f.tlog\rc.read.1.tlog
c:\users\ben\documents\github\ben_ant_library\ant-sdk_pc.3.5\demo_hr_transmitter\debug\demo_hr_.6c281d9f.tlog\rc.write.1.tlog
