c:\users\ben\documents\u of c 2016-2017\eie\ant-sdk_pc.3.5\demo_hr_receiver\debug\vc140.pdb
c:\users\ben\documents\u of c 2016-2017\eie\ant-sdk_pc.3.5\demo_hr_receiver\debug\vc140.idb
c:\users\ben\documents\u of c 2016-2017\eie\ant-sdk_pc.3.5\demo_hr_receiver\debug\demo_hr_receiver.obj
c:\users\ben\documents\github\ben_ant_library\ant-sdk_pc.3.5\demo_hr_receiver\debug\vc140.pdb
c:\users\ben\documents\github\ben_ant_library\ant-sdk_pc.3.5\demo_hr_receiver\debug\vc140.idb
c:\users\ben\documents\github\ben_ant_library\ant-sdk_pc.3.5\demo_hr_receiver\debug\demo_hr_receiver.obj
c:\users\ben\documents\u of c 2016-2017\eie\ant-sdk_pc.3.5\debug\demo_hr_receiver.ilk
c:\users\ben\documents\u of c 2016-2017\eie\ant-sdk_pc.3.5\debug\demo_hr_receiver.exe
c:\users\ben\documents\u of c 2016-2017\eie\ant-sdk_pc.3.5\debug\demo_hr_receiver.pdb
c:\users\ben\documents\github\ben_ant_library\ant-sdk_pc.3.5\debug\demo_hr_receiver.ilk
c:\users\ben\documents\github\ben_ant_library\ant-sdk_pc.3.5\debug\demo_hr_receiver.exe
c:\users\ben\documents\github\ben_ant_library\ant-sdk_pc.3.5\debug\demo_hr_receiver.pdb
c:\users\ben\documents\u of c 2016-2017\eie\ant-sdk_pc.3.5\demo_hr_receiver\debug\demo_hr_receiver.res
c:\users\ben\documents\github\ben_ant_library\ant-sdk_pc.3.5\demo_hr_receiver\debug\demo_hr_receiver.res
c:\users\ben\documents\github\ben_ant_library\ant-sdk_pc.3.5\demo_hr_receiver\debug\demo_hr_receiver.tlog\cl.command.1.tlog
c:\users\ben\documents\github\ben_ant_library\ant-sdk_pc.3.5\demo_hr_receiver\debug\demo_hr_receiver.tlog\cl.read.1.tlog
c:\users\ben\documents\github\ben_ant_library\ant-sdk_pc.3.5\demo_hr_receiver\debug\demo_hr_receiver.tlog\cl.write.1.tlog
c:\users\ben\documents\github\ben_ant_library\ant-sdk_pc.3.5\demo_hr_receiver\debug\demo_hr_receiver.tlog\link.command.1.tlog
c:\users\ben\documents\github\ben_ant_library\ant-sdk_pc.3.5\demo_hr_receiver\debug\demo_hr_receiver.tlog\link.read.1.tlog
c:\users\ben\documents\github\ben_ant_library\ant-sdk_pc.3.5\demo_hr_receiver\debug\demo_hr_receiver.tlog\link.write.1.tlog
c:\users\ben\documents\github\ben_ant_library\ant-sdk_pc.3.5\demo_hr_receiver\debug\demo_hr_receiver.tlog\rc.command.1.tlog
c:\users\ben\documents\github\ben_ant_library\ant-sdk_pc.3.5\demo_hr_receiver\debug\demo_hr_receiver.tlog\rc.read.1.tlog
c:\users\ben\documents\github\ben_ant_library\ant-sdk_pc.3.5\demo_hr_receiver\debug\demo_hr_receiver.tlog\rc.write.1.tlog
