c:\users\ben\documents\u of c 2016-2017\eie\ant-sdk_pc.3.5\demo_lib\debug\vc140.pdb
c:\users\ben\documents\u of c 2016-2017\eie\ant-sdk_pc.3.5\demo_lib\debug\vc140.idb
c:\users\ben\documents\u of c 2016-2017\eie\ant-sdk_pc.3.5\demo_lib\debug\demo.obj
c:\users\ben\documents\github\ben_ant_library\ant-sdk_pc.3.5\demo_lib\debug\vc140.pdb
c:\users\ben\documents\github\ben_ant_library\ant-sdk_pc.3.5\demo_lib\debug\vc140.idb
c:\users\ben\documents\github\ben_ant_library\ant-sdk_pc.3.5\demo_lib\debug\demo.obj
c:\users\ben\documents\u of c 2016-2017\eie\ant-sdk_pc.3.5\debug\demo_lib.ilk
c:\users\ben\documents\u of c 2016-2017\eie\ant-sdk_pc.3.5\debug\demo_lib.exe
c:\users\ben\documents\u of c 2016-2017\eie\ant-sdk_pc.3.5\debug\demo_lib.pdb
c:\users\ben\documents\github\ben_ant_library\ant-sdk_pc.3.5\debug\demo_lib.ilk
c:\users\ben\documents\github\ben_ant_library\ant-sdk_pc.3.5\debug\demo_lib.exe
c:\users\ben\documents\github\ben_ant_library\ant-sdk_pc.3.5\debug\demo_lib.pdb
c:\users\ben\documents\u of c 2016-2017\eie\ant-sdk_pc.3.5\demo_lib\debug\demo_lib.res
c:\users\ben\documents\github\ben_ant_library\ant-sdk_pc.3.5\demo_lib\debug\demo_lib.res
c:\users\ben\documents\github\ben_ant_library\ant-sdk_pc.3.5\demo_lib\debug\demo_lib.tlog\cl.command.1.tlog
c:\users\ben\documents\github\ben_ant_library\ant-sdk_pc.3.5\demo_lib\debug\demo_lib.tlog\cl.read.1.tlog
c:\users\ben\documents\github\ben_ant_library\ant-sdk_pc.3.5\demo_lib\debug\demo_lib.tlog\cl.write.1.tlog
c:\users\ben\documents\github\ben_ant_library\ant-sdk_pc.3.5\demo_lib\debug\demo_lib.tlog\link.command.1.tlog
c:\users\ben\documents\github\ben_ant_library\ant-sdk_pc.3.5\demo_lib\debug\demo_lib.tlog\link.read.1.tlog
c:\users\ben\documents\github\ben_ant_library\ant-sdk_pc.3.5\demo_lib\debug\demo_lib.tlog\link.write.1.tlog
c:\users\ben\documents\github\ben_ant_library\ant-sdk_pc.3.5\demo_lib\debug\demo_lib.tlog\rc.command.1.tlog
c:\users\ben\documents\github\ben_ant_library\ant-sdk_pc.3.5\demo_lib\debug\demo_lib.tlog\rc.read.1.tlog
c:\users\ben\documents\github\ben_ant_library\ant-sdk_pc.3.5\demo_lib\debug\demo_lib.tlog\rc.write.1.tlog
