c:\users\ben\documents\u of c 2016-2017\eie\ant-sdk_pc.3.5\debug\ant_wrappedlib.lib
c:\users\ben\documents\u of c 2016-2017\eie\ant-sdk_pc.3.5\debug\ant_wrappedlib.exp
c:\users\ben\documents\github\ben_ant_library\ant-sdk_pc.3.5\debug\ant_wrappedlib.lib
c:\users\ben\documents\github\ben_ant_library\ant-sdk_pc.3.5\debug\ant_wrappedlib.exp
c:\users\ben\documents\u of c 2016-2017\eie\ant-sdk_pc.3.5\ant_unmanaged_wrapper\obj\debug\vc140.pdb
c:\users\ben\documents\u of c 2016-2017\eie\ant-sdk_pc.3.5\ant_unmanaged_wrapper\obj\debug\dll_exports.obj
c:\users\ben\documents\github\ben_ant_library\ant-sdk_pc.3.5\ant_unmanaged_wrapper\obj\debug\vc140.pdb
c:\users\ben\documents\github\ben_ant_library\ant-sdk_pc.3.5\ant_unmanaged_wrapper\obj\debug\dll_exports.obj
c:\users\ben\documents\u of c 2016-2017\eie\ant-sdk_pc.3.5\debug\ant_wrappedlib.ilk
c:\users\ben\documents\u of c 2016-2017\eie\ant-sdk_pc.3.5\debug\ant_wrappedlib.dll
c:\users\ben\documents\u of c 2016-2017\eie\ant-sdk_pc.3.5\debug\ant_wrappedlib.pdb
c:\users\ben\documents\github\ben_ant_library\ant-sdk_pc.3.5\debug\ant_wrappedlib.ilk
c:\users\ben\documents\github\ben_ant_library\ant-sdk_pc.3.5\debug\ant_wrappedlib.dll
c:\users\ben\documents\github\ben_ant_library\ant-sdk_pc.3.5\debug\ant_wrappedlib.pdb
c:\users\ben\documents\u of c 2016-2017\eie\ant-sdk_pc.3.5\ant_unmanaged_wrapper\obj\debug\ant_unmanaged_wrapper.res
c:\users\ben\documents\github\ben_ant_library\ant-sdk_pc.3.5\ant_unmanaged_wrapper\obj\debug\ant_unmanaged_wrapper.res
c:\users\ben\documents\github\ben_ant_library\ant-sdk_pc.3.5\ant_unmanaged_wrapper\obj\debug\ant_unma.9a6b935c.tlog\ant_unmanaged_wrapper.write.1u.tlog
c:\users\ben\documents\github\ben_ant_library\ant-sdk_pc.3.5\ant_unmanaged_wrapper\obj\debug\ant_unma.9a6b935c.tlog\cl.command.1.tlog
c:\users\ben\documents\github\ben_ant_library\ant-sdk_pc.3.5\ant_unmanaged_wrapper\obj\debug\ant_unma.9a6b935c.tlog\cl.read.1.tlog
c:\users\ben\documents\github\ben_ant_library\ant-sdk_pc.3.5\ant_unmanaged_wrapper\obj\debug\ant_unma.9a6b935c.tlog\cl.write.1.tlog
c:\users\ben\documents\github\ben_ant_library\ant-sdk_pc.3.5\ant_unmanaged_wrapper\obj\debug\ant_unma.9a6b935c.tlog\link.command.1.tlog
c:\users\ben\documents\github\ben_ant_library\ant-sdk_pc.3.5\ant_unmanaged_wrapper\obj\debug\ant_unma.9a6b935c.tlog\link.read.1.tlog
c:\users\ben\documents\github\ben_ant_library\ant-sdk_pc.3.5\ant_unmanaged_wrapper\obj\debug\ant_unma.9a6b935c.tlog\link.write.1.tlog
c:\users\ben\documents\github\ben_ant_library\ant-sdk_pc.3.5\ant_unmanaged_wrapper\obj\debug\ant_unma.9a6b935c.tlog\rc.command.1.tlog
c:\users\ben\documents\github\ben_ant_library\ant-sdk_pc.3.5\ant_unmanaged_wrapper\obj\debug\ant_unma.9a6b935c.tlog\rc.read.1.tlog
c:\users\ben\documents\github\ben_ant_library\ant-sdk_pc.3.5\ant_unmanaged_wrapper\obj\debug\ant_unma.9a6b935c.tlog\rc.write.1.tlog
