c:\users\ben\documents\u of c 2016-2017\eie\ant-sdk_pc.3.5\ant_lib\debug\ant_lib.pdb
c:\users\ben\documents\u of c 2016-2017\eie\ant-sdk_pc.3.5\ant_lib\debug\ant_lib.idb
c:\users\ben\documents\u of c 2016-2017\eie\ant-sdk_pc.3.5\ant_lib\debug\dsi_ant_device_polling.obj
c:\users\ben\documents\u of c 2016-2017\eie\ant-sdk_pc.3.5\ant_lib\debug\dsi_debug.obj
c:\users\ben\documents\u of c 2016-2017\eie\ant-sdk_pc.3.5\ant_lib\debug\dsi_framer.obj
c:\users\ben\documents\u of c 2016-2017\eie\ant-sdk_pc.3.5\ant_lib\debug\dsi_framer_ant.obj
c:\users\ben\documents\u of c 2016-2017\eie\ant-sdk_pc.3.5\ant_lib\debug\dsi_framer_integrated_antfs_client.obj
c:\users\ben\documents\u of c 2016-2017\eie\ant-sdk_pc.3.5\ant_lib\debug\dsi_libusb_library.obj
c:\users\ben\documents\u of c 2016-2017\eie\ant-sdk_pc.3.5\ant_lib\debug\dsi_serial.obj
c:\users\ben\documents\u of c 2016-2017\eie\ant-sdk_pc.3.5\ant_lib\debug\dsi_serial_generic.obj
c:\users\ben\documents\u of c 2016-2017\eie\ant-sdk_pc.3.5\ant_lib\debug\dsi_serial_libusb.obj
c:\users\ben\documents\u of c 2016-2017\eie\ant-sdk_pc.3.5\ant_lib\debug\dsi_serial_si.obj
c:\users\ben\documents\u of c 2016-2017\eie\ant-sdk_pc.3.5\ant_lib\debug\dsi_serial_vcp.obj
c:\users\ben\documents\u of c 2016-2017\eie\ant-sdk_pc.3.5\ant_lib\debug\dsi_silabs_library.obj
c:\users\ben\documents\u of c 2016-2017\eie\ant-sdk_pc.3.5\ant_lib\debug\dsi_timer.obj
c:\users\ben\documents\u of c 2016-2017\eie\ant-sdk_pc.3.5\ant_lib\debug\usb_device.obj
c:\users\ben\documents\u of c 2016-2017\eie\ant-sdk_pc.3.5\ant_lib\debug\usb_device_handle_libusb.obj
c:\users\ben\documents\u of c 2016-2017\eie\ant-sdk_pc.3.5\ant_lib\debug\usb_device_handle_si.obj
c:\users\ben\documents\u of c 2016-2017\eie\ant-sdk_pc.3.5\ant_lib\debug\usb_device_handle_win.obj
c:\users\ben\documents\u of c 2016-2017\eie\ant-sdk_pc.3.5\ant_lib\debug\usb_device_libusb.obj
c:\users\ben\documents\u of c 2016-2017\eie\ant-sdk_pc.3.5\ant_lib\debug\usb_device_si.obj
c:\users\ben\documents\u of c 2016-2017\eie\ant-sdk_pc.3.5\ant_lib\debug\windevice.obj
c:\users\ben\documents\u of c 2016-2017\eie\ant-sdk_pc.3.5\ant_lib\debug\antfs_client_channel.obj
c:\users\ben\documents\u of c 2016-2017\eie\ant-sdk_pc.3.5\ant_lib\debug\antfs_host.obj
c:\users\ben\documents\u of c 2016-2017\eie\ant-sdk_pc.3.5\ant_lib\debug\antfs_host_channel.obj
c:\users\ben\documents\u of c 2016-2017\eie\ant-sdk_pc.3.5\ant_lib\debug\dsi_ant_device.obj
c:\users\ben\documents\u of c 2016-2017\eie\ant-sdk_pc.3.5\ant_lib\debug\dsi_cm_library.obj
c:\users\ben\documents\u of c 2016-2017\eie\ant-sdk_pc.3.5\ant_lib\debug\antfs_directory.obj
c:\users\ben\documents\u of c 2016-2017\eie\ant-sdk_pc.3.5\ant_lib\debug\checksum.obj
c:\users\ben\documents\u of c 2016-2017\eie\ant-sdk_pc.3.5\ant_lib\debug\crc.obj
c:\users\ben\documents\u of c 2016-2017\eie\ant-sdk_pc.3.5\ant_lib\debug\dsi_convert.obj
c:\users\ben\documents\u of c 2016-2017\eie\ant-sdk_pc.3.5\ant_lib\debug\dsi_thread_win32.obj
c:\users\ben\documents\u of c 2016-2017\eie\ant-sdk_pc.3.5\ant_lib\debug\macros.obj
c:\users\ben\documents\github\ben_ant_library\ant-sdk_pc.3.5\ant_lib\debug\ant_lib.pdb
c:\users\ben\documents\github\ben_ant_library\ant-sdk_pc.3.5\ant_lib\debug\ant_lib.idb
c:\users\ben\documents\github\ben_ant_library\ant-sdk_pc.3.5\ant_lib\debug\dsi_ant_device_polling.obj
c:\users\ben\documents\github\ben_ant_library\ant-sdk_pc.3.5\ant_lib\debug\dsi_debug.obj
c:\users\ben\documents\github\ben_ant_library\ant-sdk_pc.3.5\ant_lib\debug\dsi_framer.obj
c:\users\ben\documents\github\ben_ant_library\ant-sdk_pc.3.5\ant_lib\debug\dsi_framer_ant.obj
c:\users\ben\documents\github\ben_ant_library\ant-sdk_pc.3.5\ant_lib\debug\dsi_framer_integrated_antfs_client.obj
c:\users\ben\documents\github\ben_ant_library\ant-sdk_pc.3.5\ant_lib\debug\dsi_libusb_library.obj
c:\users\ben\documents\github\ben_ant_library\ant-sdk_pc.3.5\ant_lib\debug\dsi_serial.obj
c:\users\ben\documents\github\ben_ant_library\ant-sdk_pc.3.5\ant_lib\debug\dsi_serial_generic.obj
c:\users\ben\documents\github\ben_ant_library\ant-sdk_pc.3.5\ant_lib\debug\dsi_serial_libusb.obj
c:\users\ben\documents\github\ben_ant_library\ant-sdk_pc.3.5\ant_lib\debug\dsi_serial_si.obj
c:\users\ben\documents\github\ben_ant_library\ant-sdk_pc.3.5\ant_lib\debug\dsi_serial_vcp.obj
c:\users\ben\documents\github\ben_ant_library\ant-sdk_pc.3.5\ant_lib\debug\dsi_silabs_library.obj
c:\users\ben\documents\github\ben_ant_library\ant-sdk_pc.3.5\ant_lib\debug\dsi_timer.obj
c:\users\ben\documents\github\ben_ant_library\ant-sdk_pc.3.5\ant_lib\debug\usb_device.obj
c:\users\ben\documents\github\ben_ant_library\ant-sdk_pc.3.5\ant_lib\debug\usb_device_handle_libusb.obj
c:\users\ben\documents\github\ben_ant_library\ant-sdk_pc.3.5\ant_lib\debug\usb_device_handle_si.obj
c:\users\ben\documents\github\ben_ant_library\ant-sdk_pc.3.5\ant_lib\debug\usb_device_handle_win.obj
c:\users\ben\documents\github\ben_ant_library\ant-sdk_pc.3.5\ant_lib\debug\usb_device_libusb.obj
c:\users\ben\documents\github\ben_ant_library\ant-sdk_pc.3.5\ant_lib\debug\usb_device_si.obj
c:\users\ben\documents\github\ben_ant_library\ant-sdk_pc.3.5\ant_lib\debug\windevice.obj
c:\users\ben\documents\github\ben_ant_library\ant-sdk_pc.3.5\ant_lib\debug\antfs_client_channel.obj
c:\users\ben\documents\github\ben_ant_library\ant-sdk_pc.3.5\ant_lib\debug\antfs_host.obj
c:\users\ben\documents\github\ben_ant_library\ant-sdk_pc.3.5\ant_lib\debug\antfs_host_channel.obj
c:\users\ben\documents\github\ben_ant_library\ant-sdk_pc.3.5\ant_lib\debug\dsi_ant_device.obj
c:\users\ben\documents\github\ben_ant_library\ant-sdk_pc.3.5\ant_lib\debug\dsi_cm_library.obj
c:\users\ben\documents\github\ben_ant_library\ant-sdk_pc.3.5\ant_lib\debug\antfs_directory.obj
c:\users\ben\documents\github\ben_ant_library\ant-sdk_pc.3.5\ant_lib\debug\checksum.obj
c:\users\ben\documents\github\ben_ant_library\ant-sdk_pc.3.5\ant_lib\debug\crc.obj
c:\users\ben\documents\github\ben_ant_library\ant-sdk_pc.3.5\ant_lib\debug\dsi_convert.obj
c:\users\ben\documents\github\ben_ant_library\ant-sdk_pc.3.5\ant_lib\debug\dsi_thread_win32.obj
c:\users\ben\documents\github\ben_ant_library\ant-sdk_pc.3.5\ant_lib\debug\macros.obj
c:\users\ben\documents\u of c 2016-2017\eie\ant-sdk_pc.3.5\debug\ant_lib.lib
c:\users\ben\documents\github\ben_ant_library\ant-sdk_pc.3.5\debug\ant_lib.lib
c:\users\ben\documents\github\ben_ant_library\ant-sdk_pc.3.5\debug\ant_lib.pdb
c:\users\ben\documents\github\ben_ant_library\ant-sdk_pc.3.5\ant_lib\debug\ant_lib.tlog\cl.command.1.tlog
c:\users\ben\documents\github\ben_ant_library\ant-sdk_pc.3.5\ant_lib\debug\ant_lib.tlog\cl.read.1.tlog
c:\users\ben\documents\github\ben_ant_library\ant-sdk_pc.3.5\ant_lib\debug\ant_lib.tlog\cl.write.1.tlog
c:\users\ben\documents\github\ben_ant_library\ant-sdk_pc.3.5\ant_lib\debug\ant_lib.tlog\lib-link.read.1.tlog
c:\users\ben\documents\github\ben_ant_library\ant-sdk_pc.3.5\ant_lib\debug\ant_lib.tlog\lib-link.write.1.tlog
c:\users\ben\documents\github\ben_ant_library\ant-sdk_pc.3.5\ant_lib\debug\ant_lib.tlog\lib.command.1.tlog
