c:\users\ben\documents\u of c 2016-2017\eie\ant-sdk_pc.3.5\debug\ant_dll.lib
c:\users\ben\documents\u of c 2016-2017\eie\ant-sdk_pc.3.5\debug\ant_dll.exp
c:\users\ben\documents\github\ben_ant_library\ant-sdk_pc.3.5\debug\ant_dll.lib
c:\users\ben\documents\github\ben_ant_library\ant-sdk_pc.3.5\debug\ant_dll.exp
c:\users\ben\documents\u of c 2016-2017\eie\ant-sdk_pc.3.5\ant_dll\debug\vc140.pdb
c:\users\ben\documents\u of c 2016-2017\eie\ant-sdk_pc.3.5\ant_dll\debug\vc140.idb
c:\users\ben\documents\u of c 2016-2017\eie\ant-sdk_pc.3.5\ant_dll\debug\ant.obj
c:\users\ben\documents\github\ben_ant_library\ant-sdk_pc.3.5\ant_dll\debug\vc140.pdb
c:\users\ben\documents\github\ben_ant_library\ant-sdk_pc.3.5\ant_dll\debug\vc140.idb
c:\users\ben\documents\github\ben_ant_library\ant-sdk_pc.3.5\ant_dll\debug\ant.obj
c:\users\ben\documents\u of c 2016-2017\eie\ant-sdk_pc.3.5\debug\ant_dll.ilk
c:\users\ben\documents\u of c 2016-2017\eie\ant-sdk_pc.3.5\debug\ant_dll.dll
c:\users\ben\documents\u of c 2016-2017\eie\ant-sdk_pc.3.5\debug\ant_dll.pdb
c:\users\ben\documents\github\ben_ant_library\ant-sdk_pc.3.5\debug\ant_dll.ilk
c:\users\ben\documents\github\ben_ant_library\ant-sdk_pc.3.5\debug\ant_dll.dll
c:\users\ben\documents\github\ben_ant_library\ant-sdk_pc.3.5\debug\ant_dll.pdb
c:\users\ben\documents\u of c 2016-2017\eie\ant-sdk_pc.3.5\ant_dll\debug\ant_dll.res
c:\users\ben\documents\github\ben_ant_library\ant-sdk_pc.3.5\ant_dll\debug\ant_dll.res
c:\users\ben\documents\github\ben_ant_library\ant-sdk_pc.3.5\ant_dll\debug\ant_dll.tlog\ant_dll.write.1u.tlog
c:\users\ben\documents\github\ben_ant_library\ant-sdk_pc.3.5\ant_dll\debug\ant_dll.tlog\cl.command.1.tlog
c:\users\ben\documents\github\ben_ant_library\ant-sdk_pc.3.5\ant_dll\debug\ant_dll.tlog\cl.read.1.tlog
c:\users\ben\documents\github\ben_ant_library\ant-sdk_pc.3.5\ant_dll\debug\ant_dll.tlog\cl.write.1.tlog
c:\users\ben\documents\github\ben_ant_library\ant-sdk_pc.3.5\ant_dll\debug\ant_dll.tlog\link.command.1.tlog
c:\users\ben\documents\github\ben_ant_library\ant-sdk_pc.3.5\ant_dll\debug\ant_dll.tlog\link.read.1.tlog
c:\users\ben\documents\github\ben_ant_library\ant-sdk_pc.3.5\ant_dll\debug\ant_dll.tlog\link.write.1.tlog
c:\users\ben\documents\github\ben_ant_library\ant-sdk_pc.3.5\ant_dll\debug\ant_dll.tlog\rc.command.1.tlog
c:\users\ben\documents\github\ben_ant_library\ant-sdk_pc.3.5\ant_dll\debug\ant_dll.tlog\rc.read.1.tlog
c:\users\ben\documents\github\ben_ant_library\ant-sdk_pc.3.5\ant_dll\debug\ant_dll.tlog\rc.write.1.tlog
