  demo.cpp
c:\users\ben\documents\github\ben_ant_library\ant-sdk_pc.3.5\demo_dll\demo.cpp(160): warning C4477: 'scanf' : format string '%u' requires an argument of type 'unsigned int *', but variadic argument 1 has type 'UCHAR *'
  c:\users\ben\documents\github\ben_ant_library\ant-sdk_pc.3.5\demo_dll\demo.cpp(160): note: consider using '%hhu' in the format string
c:\users\ben\documents\github\ben_ant_library\ant-sdk_pc.3.5\demo_dll\demo.cpp(160): warning C4996: 'scanf': This function or variable may be unsafe. Consider using scanf_s instead. To disable deprecation, use _CRT_SECURE_NO_WARNINGS. See online help for details.
  c:\program files (x86)\windows kits\10\include\10.0.10240.0\ucrt\stdio.h(1270): note: see declaration of 'scanf'
c:\users\ben\documents\github\ben_ant_library\ant-sdk_pc.3.5\demo_dll\demo.cpp(163): warning C4477: 'sscanf' : format string '%u' requires an argument of type 'unsigned int *', but variadic argument 1 has type 'UCHAR *'
  c:\users\ben\documents\github\ben_ant_library\ant-sdk_pc.3.5\demo_dll\demo.cpp(163): note: consider using '%hhu' in the format string
c:\users\ben\documents\github\ben_ant_library\ant-sdk_pc.3.5\demo_dll\demo.cpp(163): warning C4996: 'sscanf': This function or variable may be unsafe. Consider using sscanf_s instead. To disable deprecation, use _CRT_SECURE_NO_WARNINGS. See online help for details.
  c:\program files (x86)\windows kits\10\include\10.0.10240.0\ucrt\stdio.h(2254): note: see declaration of 'sscanf'
c:\users\ben\documents\github\ben_ant_library\ant-sdk_pc.3.5\demo_dll\demo.cpp(216): warning C4477: 'sscanf' : format string '%u' requires an argument of type 'unsigned int *', but variadic argument 1 has type 'UCHAR *'
  c:\users\ben\documents\github\ben_ant_library\ant-sdk_pc.3.5\demo_dll\demo.cpp(216): note: consider using '%hhu' in the format string
c:\users\ben\documents\github\ben_ant_library\ant-sdk_pc.3.5\demo_dll\demo.cpp(216): warning C4996: 'sscanf': This function or variable may be unsafe. Consider using sscanf_s instead. To disable deprecation, use _CRT_SECURE_NO_WARNINGS. See online help for details.
  c:\program files (x86)\windows kits\10\include\10.0.10240.0\ucrt\stdio.h(2254): note: see declaration of 'sscanf'
c:\users\ben\documents\github\ben_ant_library\ant-sdk_pc.3.5\demo_dll\demo.cpp(241): warning C4996: 'sscanf': This function or variable may be unsafe. Consider using sscanf_s instead. To disable deprecation, use _CRT_SECURE_NO_WARNINGS. See online help for details.
  c:\program files (x86)\windows kits\10\include\10.0.10240.0\ucrt\stdio.h(2254): note: see declaration of 'sscanf'
c:\users\ben\documents\github\ben_ant_library\ant-sdk_pc.3.5\demo_dll\demo.cpp(609): error C2065: 'aucMIDINoteArray': undeclared identifier
c:\users\ben\documents\github\ben_ant_library\ant-sdk_pc.3.5\demo_dll\demo.cpp(623): error C2065: 'aucMIDINoteArray': undeclared identifier
c:\users\ben\documents\github\ben_ant_library\ant-sdk_pc.3.5\demo_dll\demo.cpp(626): error C2065: 'aucMIDINoteArray': undeclared identifier
c:\users\ben\documents\github\ben_ant_library\ant-sdk_pc.3.5\demo_dll\demo.cpp(641): error C2065: 'aucMIDINoteArray': undeclared identifier
c:\users\ben\documents\github\ben_ant_library\ant-sdk_pc.3.5\demo_dll\demo.cpp(653): error C2065: 'aucMIDINoteArray': undeclared identifier
c:\users\ben\documents\github\ben_ant_library\ant-sdk_pc.3.5\demo_dll\demo.cpp(665): error C2065: 'aucMIDINoteArray': undeclared identifier
c:\users\ben\documents\github\ben_ant_library\ant-sdk_pc.3.5\demo_dll\demo.cpp(626): warning C4473: 'printf' : not enough arguments passed for format string
  c:\users\ben\documents\github\ben_ant_library\ant-sdk_pc.3.5\demo_dll\demo.cpp(626): note: placeholders and their parameters expect 1 variadic arguments, but 0 were provided
  c:\users\ben\documents\github\ben_ant_library\ant-sdk_pc.3.5\demo_dll\demo.cpp(626): note: the missing variadic argument 1 is required by format string '%02x'
c:\users\ben\documents\github\ben_ant_library\ant-sdk_pc.3.5\demo_dll\demo.cpp(1111): warning C4996: 'fopen': This function or variable may be unsafe. Consider using fopen_s instead. To disable deprecation, use _CRT_SECURE_NO_WARNINGS. See online help for details.
  c:\program files (x86)\windows kits\10\include\10.0.10240.0\ucrt\stdio.h(205): note: see declaration of 'fopen'
c:\users\ben\documents\github\ben_ant_library\ant-sdk_pc.3.5\demo_dll\demo.cpp(1133): warning C4838: conversion from 'int' to 'char' requires a narrowing conversion
c:\users\ben\documents\github\ben_ant_library\ant-sdk_pc.3.5\demo_dll\demo.cpp(1133): warning C4309: 'initializing': truncation of constant value
c:\users\ben\documents\github\ben_ant_library\ant-sdk_pc.3.5\demo_dll\demo.cpp(1138): warning C4996: 'fopen': This function or variable may be unsafe. Consider using fopen_s instead. To disable deprecation, use _CRT_SECURE_NO_WARNINGS. See online help for details.
  c:\program files (x86)\windows kits\10\include\10.0.10240.0\ucrt\stdio.h(205): note: see declaration of 'fopen'
c:\users\ben\documents\github\ben_ant_library\ant-sdk_pc.3.5\demo_dll\demo.cpp(1206): warning C4838: conversion from 'int' to 'UCHAR' requires a narrowing conversion
c:\users\ben\documents\github\ben_ant_library\ant-sdk_pc.3.5\demo_dll\demo.cpp(1207): warning C4838: conversion from 'int' to 'UCHAR' requires a narrowing conversion
