c:\users\ben\documents\u of c 2016-2017\eie\ant-sdk_pc.3.5\demo_dll\debug\vc140.pdb
c:\users\ben\documents\u of c 2016-2017\eie\ant-sdk_pc.3.5\demo_dll\debug\vc140.idb
c:\users\ben\documents\u of c 2016-2017\eie\ant-sdk_pc.3.5\demo_dll\debug\demo.obj
c:\users\ben\documents\u of c 2016-2017\eie\ant-sdk_pc.3.5\demo_dll\debug\libant.obj
c:\users\ben\documents\github\ben_ant_library\ant-sdk_pc.3.5\demo_dll\debug\vc140.pdb
c:\users\ben\documents\github\ben_ant_library\ant-sdk_pc.3.5\demo_dll\debug\vc140.idb
c:\users\ben\documents\github\ben_ant_library\ant-sdk_pc.3.5\demo_dll\debug\demo.obj
c:\users\ben\documents\github\ben_ant_library\ant-sdk_pc.3.5\demo_dll\debug\libant.obj
c:\users\ben\documents\u of c 2016-2017\eie\ant-sdk_pc.3.5\debug\demo_dll.ilk
c:\users\ben\documents\u of c 2016-2017\eie\ant-sdk_pc.3.5\debug\demo_dll.exe
c:\users\ben\documents\u of c 2016-2017\eie\ant-sdk_pc.3.5\debug\demo_dll.pdb
c:\users\ben\documents\github\ben_ant_library\ant-sdk_pc.3.5\debug\demo_dll.ilk
c:\users\ben\documents\github\ben_ant_library\ant-sdk_pc.3.5\debug\demo_dll.exe
c:\users\ben\documents\github\ben_ant_library\ant-sdk_pc.3.5\debug\demo_dll.pdb
c:\users\ben\documents\u of c 2016-2017\eie\ant-sdk_pc.3.5\demo_dll\debug\demo_dll.res
c:\users\ben\documents\github\ben_ant_library\ant-sdk_pc.3.5\demo_dll\debug\demo_dll.res
c:\users\ben\documents\github\ben_ant_library\ant-sdk_pc.3.5\demo_dll\debug\demo_dll.tlog\cl.command.1.tlog
c:\users\ben\documents\github\ben_ant_library\ant-sdk_pc.3.5\demo_dll\debug\demo_dll.tlog\cl.read.1.tlog
c:\users\ben\documents\github\ben_ant_library\ant-sdk_pc.3.5\demo_dll\debug\demo_dll.tlog\cl.write.1.tlog
c:\users\ben\documents\github\ben_ant_library\ant-sdk_pc.3.5\demo_dll\debug\demo_dll.tlog\link.command.1.tlog
c:\users\ben\documents\github\ben_ant_library\ant-sdk_pc.3.5\demo_dll\debug\demo_dll.tlog\link.read.1.tlog
c:\users\ben\documents\github\ben_ant_library\ant-sdk_pc.3.5\demo_dll\debug\demo_dll.tlog\link.write.1.tlog
c:\users\ben\documents\github\ben_ant_library\ant-sdk_pc.3.5\demo_dll\debug\demo_dll.tlog\rc.command.1.tlog
c:\users\ben\documents\github\ben_ant_library\ant-sdk_pc.3.5\demo_dll\debug\demo_dll.tlog\rc.read.1.tlog
c:\users\ben\documents\github\ben_ant_library\ant-sdk_pc.3.5\demo_dll\debug\demo_dll.tlog\rc.write.1.tlog
